<?xml version="1.0" encoding="UTF-8"?>
<testsuite name="LogicSimulatorTest" tests="1" skipped="0" failures="0" errors="0" timestamp="2020-08-25T02:48:02" hostname="CSIE-3-4" time="0.007">
  <properties/>
  <testcase name="testGetTruthTable" classname="LogicSimulatorTest" time="0.007"/>
  <system-out><![CDATA[]]></system-out>
  <system-err><![CDATA[]]></system-err>
</testsuite>
