<?xml version="1.0" encoding="UTF-8"?>
<testsuite name="LogicSimulatorTest" tests="1" skipped="0" failures="0" errors="0" timestamp="2020-08-24T11:33:07" hostname="DESKTOP-M3HG7AS" time="0.0">
  <properties/>
  <testcase name="testGetSimulationResult" classname="LogicSimulatorTest" time="0.0"/>
  <system-out><![CDATA[]]></system-out>
  <system-err><![CDATA[]]></system-err>
</testsuite>
